Starting LoggerTest on wangyudeMacBook-Pro-2.local with PID 78896 (started by wangyu in /Users/wangyu/Downloads/sell)
No active profile set, falling back to default profiles: default
Refreshing org.springframework.web.context.support.GenericWebApplicationContext@1c7696c6: startup date [Tue Sep 12 10:52:25 CST 2017]; root of context hierarchy
HV000001: Hibernate Validator 5.3.5.Final
Looking for @ControllerAdvice: org.springframework.web.context.support.GenericWebApplicationContext@1c7696c6: startup date [Tue Sep 12 10:52:25 CST 2017]; root of context hierarchy
Mapped "{[/error]}" onto public org.springframework.http.ResponseEntity<java.util.Map<java.lang.String, java.lang.Object>> org.springframework.boot.autoconfigure.web.BasicErrorController.error(javax.servlet.http.HttpServletRequest)
Mapped "{[/error],produces=[text/html]}" onto public org.springframework.web.servlet.ModelAndView org.springframework.boot.autoconfigure.web.BasicErrorController.errorHtml(javax.servlet.http.HttpServletRequest,javax.servlet.http.HttpServletResponse)
Mapped URL path [/webjars/**] onto handler of type [class org.springframework.web.servlet.resource.ResourceHttpRequestHandler]
Mapped URL path [/**] onto handler of type [class org.springframework.web.servlet.resource.ResourceHttpRequestHandler]
Mapped URL path [/**/favicon.ico] onto handler of type [class org.springframework.web.servlet.resource.ResourceHttpRequestHandler]
Started LoggerTest in 5.08 seconds (JVM running for 7.195)
name:imoocpassword?:123456
name:imooc,password:123456
error....
Closing org.springframework.web.context.support.GenericWebApplicationContext@1c7696c6: startup date [Tue Sep 12 10:52:25 CST 2017]; root of context hierarchy
Starting LoggerTest on wangyudeMacBook-Pro-2.local with PID 79125 (started by wangyu in /Users/wangyu/Downloads/sell)
No active profile set, falling back to default profiles: default
Refreshing org.springframework.web.context.support.GenericWebApplicationContext@1c7696c6: startup date [Tue Sep 12 11:05:37 CST 2017]; root of context hierarchy
HV000001: Hibernate Validator 5.3.5.Final
Looking for @ControllerAdvice: org.springframework.web.context.support.GenericWebApplicationContext@1c7696c6: startup date [Tue Sep 12 11:05:37 CST 2017]; root of context hierarchy
Mapped "{[/error]}" onto public org.springframework.http.ResponseEntity<java.util.Map<java.lang.String, java.lang.Object>> org.springframework.boot.autoconfigure.web.BasicErrorController.error(javax.servlet.http.HttpServletRequest)
Mapped "{[/error],produces=[text/html]}" onto public org.springframework.web.servlet.ModelAndView org.springframework.boot.autoconfigure.web.BasicErrorController.errorHtml(javax.servlet.http.HttpServletRequest,javax.servlet.http.HttpServletResponse)
Mapped URL path [/webjars/**] onto handler of type [class org.springframework.web.servlet.resource.ResourceHttpRequestHandler]
Mapped URL path [/**] onto handler of type [class org.springframework.web.servlet.resource.ResourceHttpRequestHandler]
Mapped URL path [/**/favicon.ico] onto handler of type [class org.springframework.web.servlet.resource.ResourceHttpRequestHandler]
Started LoggerTest in 6.068 seconds (JVM running for 8.163)
name:imoocpassword?:123456
name:imooc,password:123456
error....
Closing org.springframework.web.context.support.GenericWebApplicationContext@1c7696c6: startup date [Tue Sep 12 11:05:37 CST 2017]; root of context hierarchy
Starting LoggerTest on wangyudeMacBook-Pro-2.local with PID 79196 (started by wangyu in /Users/wangyu/Downloads/sell)
No active profile set, falling back to default profiles: default
Refreshing org.springframework.web.context.support.GenericWebApplicationContext@1a942c18: startup date [Tue Sep 12 11:09:10 CST 2017]; root of context hierarchy
HV000001: Hibernate Validator 5.3.5.Final
Looking for @ControllerAdvice: org.springframework.web.context.support.GenericWebApplicationContext@1a942c18: startup date [Tue Sep 12 11:09:10 CST 2017]; root of context hierarchy
Mapped "{[/error]}" onto public org.springframework.http.ResponseEntity<java.util.Map<java.lang.String, java.lang.Object>> org.springframework.boot.autoconfigure.web.BasicErrorController.error(javax.servlet.http.HttpServletRequest)
Mapped "{[/error],produces=[text/html]}" onto public org.springframework.web.servlet.ModelAndView org.springframework.boot.autoconfigure.web.BasicErrorController.errorHtml(javax.servlet.http.HttpServletRequest,javax.servlet.http.HttpServletResponse)
Mapped URL path [/webjars/**] onto handler of type [class org.springframework.web.servlet.resource.ResourceHttpRequestHandler]
Mapped URL path [/**] onto handler of type [class org.springframework.web.servlet.resource.ResourceHttpRequestHandler]
Mapped URL path [/**/favicon.ico] onto handler of type [class org.springframework.web.servlet.resource.ResourceHttpRequestHandler]
Started LoggerTest in 5.325 seconds (JVM running for 7.748)
name:imoocpassword?:123456
name:imooc,password:123456
error....
Closing org.springframework.web.context.support.GenericWebApplicationContext@1a942c18: startup date [Tue Sep 12 11:09:10 CST 2017]; root of context hierarchy
Starting LoggerTest on wangyudeMacBook-Pro-2.local with PID 79308 (started by wangyu in /Users/wangyu/Downloads/sell)
No active profile set, falling back to default profiles: default
Refreshing org.springframework.web.context.support.GenericWebApplicationContext@d86a6f: startup date [Tue Sep 12 11:13:50 CST 2017]; root of context hierarchy
HV000001: Hibernate Validator 5.3.5.Final
Looking for @ControllerAdvice: org.springframework.web.context.support.GenericWebApplicationContext@d86a6f: startup date [Tue Sep 12 11:13:50 CST 2017]; root of context hierarchy
Mapped "{[/error]}" onto public org.springframework.http.ResponseEntity<java.util.Map<java.lang.String, java.lang.Object>> org.springframework.boot.autoconfigure.web.BasicErrorController.error(javax.servlet.http.HttpServletRequest)
Mapped "{[/error],produces=[text/html]}" onto public org.springframework.web.servlet.ModelAndView org.springframework.boot.autoconfigure.web.BasicErrorController.errorHtml(javax.servlet.http.HttpServletRequest,javax.servlet.http.HttpServletResponse)
Mapped URL path [/webjars/**] onto handler of type [class org.springframework.web.servlet.resource.ResourceHttpRequestHandler]
Mapped URL path [/**] onto handler of type [class org.springframework.web.servlet.resource.ResourceHttpRequestHandler]
Mapped URL path [/**/favicon.ico] onto handler of type [class org.springframework.web.servlet.resource.ResourceHttpRequestHandler]
Started LoggerTest in 5.274 seconds (JVM running for 7.552)
name:imoocpassword?:123456
name:imooc,password:123456
Closing org.springframework.web.context.support.GenericWebApplicationContext@d86a6f: startup date [Tue Sep 12 11:13:50 CST 2017]; root of context hierarchy
Starting LoggerTest on wangyudeMacBook-Pro-2.local with PID 79343 (started by wangyu in /Users/wangyu/Downloads/sell)
No active profile set, falling back to default profiles: default
Refreshing org.springframework.web.context.support.GenericWebApplicationContext@4145bad8: startup date [Tue Sep 12 11:15:18 CST 2017]; root of context hierarchy
HV000001: Hibernate Validator 5.3.5.Final
Looking for @ControllerAdvice: org.springframework.web.context.support.GenericWebApplicationContext@4145bad8: startup date [Tue Sep 12 11:15:18 CST 2017]; root of context hierarchy
Mapped "{[/error]}" onto public org.springframework.http.ResponseEntity<java.util.Map<java.lang.String, java.lang.Object>> org.springframework.boot.autoconfigure.web.BasicErrorController.error(javax.servlet.http.HttpServletRequest)
Mapped "{[/error],produces=[text/html]}" onto public org.springframework.web.servlet.ModelAndView org.springframework.boot.autoconfigure.web.BasicErrorController.errorHtml(javax.servlet.http.HttpServletRequest,javax.servlet.http.HttpServletResponse)
Mapped URL path [/webjars/**] onto handler of type [class org.springframework.web.servlet.resource.ResourceHttpRequestHandler]
Mapped URL path [/**] onto handler of type [class org.springframework.web.servlet.resource.ResourceHttpRequestHandler]
Mapped URL path [/**/favicon.ico] onto handler of type [class org.springframework.web.servlet.resource.ResourceHttpRequestHandler]
Started LoggerTest in 4.752 seconds (JVM running for 6.743)
name:imoocpassword?:123456
name:imooc,password:123456
warn...
Closing org.springframework.web.context.support.GenericWebApplicationContext@4145bad8: startup date [Tue Sep 12 11:15:18 CST 2017]; root of context hierarchy
